[2024-02-21T21:34:50.563+0000] {processor.py:161} INFO - Started process (PID=87) to work on /opt/airflow/dags/welcome_dag.py
[2024-02-21T21:34:50.564+0000] {processor.py:830} INFO - Processing file /opt/airflow/dags/welcome_dag.py for tasks to queue
[2024-02-21T21:34:50.565+0000] {logging_mixin.py:188} INFO - [2024-02-21T21:34:50.565+0000] {dagbag.py:538} INFO - Filling up the DagBag from /opt/airflow/dags/welcome_dag.py
[2024-02-21T21:34:50.612+0000] {processor.py:840} INFO - DAG(s) 'welcome_dag' retrieved from /opt/airflow/dags/welcome_dag.py
[2024-02-21T21:34:50.764+0000] {logging_mixin.py:188} INFO - [2024-02-21T21:34:50.763+0000] {override.py:1769} INFO - Created Permission View: can delete on DAG:welcome_dag
[2024-02-21T21:34:50.795+0000] {logging_mixin.py:188} INFO - [2024-02-21T21:34:50.795+0000] {override.py:1769} INFO - Created Permission View: can edit on DAG:welcome_dag
[2024-02-21T21:34:50.829+0000] {logging_mixin.py:188} INFO - [2024-02-21T21:34:50.829+0000] {override.py:1769} INFO - Created Permission View: can read on DAG:welcome_dag
[2024-02-21T21:34:50.830+0000] {logging_mixin.py:188} INFO - [2024-02-21T21:34:50.830+0000] {dag.py:3036} INFO - Sync 1 DAGs
[2024-02-21T21:34:50.846+0000] {logging_mixin.py:188} INFO - [2024-02-21T21:34:50.845+0000] {dag.py:3058} INFO - Creating ORM DAG for welcome_dag
[2024-02-21T21:34:50.859+0000] {logging_mixin.py:188} INFO - [2024-02-21T21:34:50.858+0000] {dag.py:3823} INFO - Setting next_dagrun for welcome_dag to 2024-02-20 23:00:00+00:00, run_after=2024-02-21 23:00:00+00:00
[2024-02-21T21:34:50.916+0000] {processor.py:183} INFO - Processing /opt/airflow/dags/welcome_dag.py took 0.355 seconds
[2024-02-21T21:35:21.185+0000] {processor.py:161} INFO - Started process (PID=88) to work on /opt/airflow/dags/welcome_dag.py
[2024-02-21T21:35:21.187+0000] {processor.py:830} INFO - Processing file /opt/airflow/dags/welcome_dag.py for tasks to queue
[2024-02-21T21:35:21.188+0000] {logging_mixin.py:188} INFO - [2024-02-21T21:35:21.188+0000] {dagbag.py:538} INFO - Filling up the DagBag from /opt/airflow/dags/welcome_dag.py
[2024-02-21T21:35:21.224+0000] {processor.py:840} INFO - DAG(s) 'welcome_dag' retrieved from /opt/airflow/dags/welcome_dag.py
[2024-02-21T21:35:21.274+0000] {logging_mixin.py:188} INFO - [2024-02-21T21:35:21.274+0000] {dag.py:3036} INFO - Sync 1 DAGs
[2024-02-21T21:35:21.300+0000] {logging_mixin.py:188} INFO - [2024-02-21T21:35:21.300+0000] {dag.py:3823} INFO - Setting next_dagrun for welcome_dag to 2024-02-20 23:00:00+00:00, run_after=2024-02-21 23:00:00+00:00
[2024-02-21T21:35:21.356+0000] {processor.py:183} INFO - Processing /opt/airflow/dags/welcome_dag.py took 0.176 seconds
[2024-02-21T21:35:52.439+0000] {processor.py:161} INFO - Started process (PID=89) to work on /opt/airflow/dags/welcome_dag.py
[2024-02-21T21:35:52.441+0000] {processor.py:830} INFO - Processing file /opt/airflow/dags/welcome_dag.py for tasks to queue
[2024-02-21T21:35:52.443+0000] {logging_mixin.py:188} INFO - [2024-02-21T21:35:52.442+0000] {dagbag.py:538} INFO - Filling up the DagBag from /opt/airflow/dags/welcome_dag.py
[2024-02-21T21:35:52.477+0000] {processor.py:840} INFO - DAG(s) 'welcome_dag' retrieved from /opt/airflow/dags/welcome_dag.py
[2024-02-21T21:35:52.515+0000] {logging_mixin.py:188} INFO - [2024-02-21T21:35:52.514+0000] {dag.py:3036} INFO - Sync 1 DAGs
[2024-02-21T21:35:52.548+0000] {logging_mixin.py:188} INFO - [2024-02-21T21:35:52.548+0000] {dag.py:3823} INFO - Setting next_dagrun for welcome_dag to 2024-02-20 23:00:00+00:00, run_after=2024-02-21 23:00:00+00:00
[2024-02-21T21:35:52.618+0000] {processor.py:183} INFO - Processing /opt/airflow/dags/welcome_dag.py took 0.183 seconds
[2024-02-21T21:36:23.599+0000] {processor.py:161} INFO - Started process (PID=90) to work on /opt/airflow/dags/welcome_dag.py
[2024-02-21T21:36:23.600+0000] {processor.py:830} INFO - Processing file /opt/airflow/dags/welcome_dag.py for tasks to queue
[2024-02-21T21:36:23.602+0000] {logging_mixin.py:188} INFO - [2024-02-21T21:36:23.601+0000] {dagbag.py:538} INFO - Filling up the DagBag from /opt/airflow/dags/welcome_dag.py
[2024-02-21T21:36:23.631+0000] {processor.py:840} INFO - DAG(s) 'welcome_dag' retrieved from /opt/airflow/dags/welcome_dag.py
[2024-02-21T21:36:23.664+0000] {logging_mixin.py:188} INFO - [2024-02-21T21:36:23.663+0000] {dag.py:3036} INFO - Sync 1 DAGs
[2024-02-21T21:36:23.692+0000] {logging_mixin.py:188} INFO - [2024-02-21T21:36:23.692+0000] {dag.py:3823} INFO - Setting next_dagrun for welcome_dag to 2024-02-20 23:00:00+00:00, run_after=2024-02-21 23:00:00+00:00
[2024-02-21T21:36:23.743+0000] {processor.py:183} INFO - Processing /opt/airflow/dags/welcome_dag.py took 0.147 seconds
[2024-02-21T21:36:56.496+0000] {processor.py:161} INFO - Started process (PID=119) to work on /opt/airflow/dags/welcome_dag.py
[2024-02-21T21:36:56.498+0000] {processor.py:830} INFO - Processing file /opt/airflow/dags/welcome_dag.py for tasks to queue
[2024-02-21T21:36:56.499+0000] {logging_mixin.py:188} INFO - [2024-02-21T21:36:56.498+0000] {dagbag.py:538} INFO - Filling up the DagBag from /opt/airflow/dags/welcome_dag.py
[2024-02-21T21:36:56.529+0000] {processor.py:840} INFO - DAG(s) 'welcome_dag' retrieved from /opt/airflow/dags/welcome_dag.py
[2024-02-21T21:36:56.565+0000] {logging_mixin.py:188} INFO - [2024-02-21T21:36:56.564+0000] {dag.py:3036} INFO - Sync 1 DAGs
[2024-02-21T21:36:56.596+0000] {logging_mixin.py:188} INFO - [2024-02-21T21:36:56.596+0000] {dag.py:3823} INFO - Setting next_dagrun for welcome_dag to 2024-02-20 23:00:00+00:00, run_after=2024-02-21 23:00:00+00:00
[2024-02-21T21:36:56.670+0000] {processor.py:183} INFO - Processing /opt/airflow/dags/welcome_dag.py took 0.176 seconds
[2024-02-21T21:37:26.869+0000] {processor.py:161} INFO - Started process (PID=134) to work on /opt/airflow/dags/welcome_dag.py
[2024-02-21T21:37:26.870+0000] {processor.py:830} INFO - Processing file /opt/airflow/dags/welcome_dag.py for tasks to queue
[2024-02-21T21:37:26.871+0000] {logging_mixin.py:188} INFO - [2024-02-21T21:37:26.871+0000] {dagbag.py:538} INFO - Filling up the DagBag from /opt/airflow/dags/welcome_dag.py
[2024-02-21T21:37:26.898+0000] {processor.py:840} INFO - DAG(s) 'welcome_dag' retrieved from /opt/airflow/dags/welcome_dag.py
[2024-02-21T21:37:26.930+0000] {logging_mixin.py:188} INFO - [2024-02-21T21:37:26.929+0000] {dag.py:3036} INFO - Sync 1 DAGs
[2024-02-21T21:37:26.958+0000] {logging_mixin.py:188} INFO - [2024-02-21T21:37:26.957+0000] {dag.py:3823} INFO - Setting next_dagrun for welcome_dag to 2024-02-20 23:00:00+00:00, run_after=2024-02-21 23:00:00+00:00
[2024-02-21T21:37:27.014+0000] {processor.py:183} INFO - Processing /opt/airflow/dags/welcome_dag.py took 0.147 seconds
[2024-02-21T21:37:57.860+0000] {processor.py:161} INFO - Started process (PID=135) to work on /opt/airflow/dags/welcome_dag.py
[2024-02-21T21:37:57.862+0000] {processor.py:830} INFO - Processing file /opt/airflow/dags/welcome_dag.py for tasks to queue
[2024-02-21T21:37:57.863+0000] {logging_mixin.py:188} INFO - [2024-02-21T21:37:57.862+0000] {dagbag.py:538} INFO - Filling up the DagBag from /opt/airflow/dags/welcome_dag.py
[2024-02-21T21:37:57.896+0000] {processor.py:840} INFO - DAG(s) 'welcome_dag' retrieved from /opt/airflow/dags/welcome_dag.py
[2024-02-21T21:37:57.935+0000] {logging_mixin.py:188} INFO - [2024-02-21T21:37:57.935+0000] {dag.py:3036} INFO - Sync 1 DAGs
[2024-02-21T21:37:57.969+0000] {logging_mixin.py:188} INFO - [2024-02-21T21:37:57.968+0000] {dag.py:3823} INFO - Setting next_dagrun for welcome_dag to 2024-02-20 23:00:00+00:00, run_after=2024-02-21 23:00:00+00:00
[2024-02-21T21:37:58.048+0000] {processor.py:183} INFO - Processing /opt/airflow/dags/welcome_dag.py took 0.191 seconds
[2024-02-21T21:38:44.871+0000] {processor.py:161} INFO - Started process (PID=69) to work on /opt/airflow/dags/welcome_dag.py
[2024-02-21T21:38:44.872+0000] {processor.py:830} INFO - Processing file /opt/airflow/dags/welcome_dag.py for tasks to queue
[2024-02-21T21:38:44.873+0000] {logging_mixin.py:188} INFO - [2024-02-21T21:38:44.873+0000] {dagbag.py:538} INFO - Filling up the DagBag from /opt/airflow/dags/welcome_dag.py
[2024-02-21T21:38:44.913+0000] {processor.py:840} INFO - DAG(s) 'welcome_dag' retrieved from /opt/airflow/dags/welcome_dag.py
[2024-02-21T21:38:44.927+0000] {logging_mixin.py:188} INFO - [2024-02-21T21:38:44.927+0000] {dag.py:3036} INFO - Sync 1 DAGs
[2024-02-21T21:38:44.957+0000] {logging_mixin.py:188} INFO - [2024-02-21T21:38:44.957+0000] {dag.py:3823} INFO - Setting next_dagrun for welcome_dag to 2024-02-20 23:00:00+00:00, run_after=2024-02-21 23:00:00+00:00
[2024-02-21T21:38:45.019+0000] {processor.py:183} INFO - Processing /opt/airflow/dags/welcome_dag.py took 0.151 seconds
[2024-02-21T21:39:15.394+0000] {processor.py:161} INFO - Started process (PID=87) to work on /opt/airflow/dags/welcome_dag.py
[2024-02-21T21:39:15.396+0000] {processor.py:830} INFO - Processing file /opt/airflow/dags/welcome_dag.py for tasks to queue
[2024-02-21T21:39:15.398+0000] {logging_mixin.py:188} INFO - [2024-02-21T21:39:15.397+0000] {dagbag.py:538} INFO - Filling up the DagBag from /opt/airflow/dags/welcome_dag.py
[2024-02-21T21:39:15.448+0000] {processor.py:840} INFO - DAG(s) 'welcome_dag' retrieved from /opt/airflow/dags/welcome_dag.py
[2024-02-21T21:39:15.601+0000] {logging_mixin.py:188} INFO - [2024-02-21T21:39:15.600+0000] {dag.py:3036} INFO - Sync 1 DAGs
[2024-02-21T21:39:15.629+0000] {logging_mixin.py:188} INFO - [2024-02-21T21:39:15.629+0000] {dag.py:3823} INFO - Setting next_dagrun for welcome_dag to 2024-02-20 23:00:00+00:00, run_after=2024-02-21 23:00:00+00:00
[2024-02-21T21:39:15.690+0000] {processor.py:183} INFO - Processing /opt/airflow/dags/welcome_dag.py took 0.300 seconds
[2024-02-21T21:39:46.348+0000] {processor.py:161} INFO - Started process (PID=88) to work on /opt/airflow/dags/welcome_dag.py
[2024-02-21T21:39:46.350+0000] {processor.py:830} INFO - Processing file /opt/airflow/dags/welcome_dag.py for tasks to queue
[2024-02-21T21:39:46.351+0000] {logging_mixin.py:188} INFO - [2024-02-21T21:39:46.350+0000] {dagbag.py:538} INFO - Filling up the DagBag from /opt/airflow/dags/welcome_dag.py
[2024-02-21T21:39:46.380+0000] {processor.py:840} INFO - DAG(s) 'welcome_dag' retrieved from /opt/airflow/dags/welcome_dag.py
[2024-02-21T21:39:46.413+0000] {logging_mixin.py:188} INFO - [2024-02-21T21:39:46.412+0000] {dag.py:3036} INFO - Sync 1 DAGs
[2024-02-21T21:39:46.442+0000] {logging_mixin.py:188} INFO - [2024-02-21T21:39:46.442+0000] {dag.py:3823} INFO - Setting next_dagrun for welcome_dag to 2024-02-20 23:00:00+00:00, run_after=2024-02-21 23:00:00+00:00
[2024-02-21T21:39:46.504+0000] {processor.py:183} INFO - Processing /opt/airflow/dags/welcome_dag.py took 0.159 seconds
